<?xml version="1.0" encoding="UTF-8"?>
<testng-results ignored="0" total="2" passed="2" failed="0" skipped="0">
  <reporter-output>
  </reporter-output>
  <suite started-at="2017-11-29T12:35:16Z" name="Default suite" finished-at="2017-11-29T12:35:16Z" duration-ms="29">
    <groups>
    </groups>
    <test started-at="2017-11-29T12:35:16Z" name="Default test" finished-at="2017-11-29T12:35:16Z" duration-ms="29">
      <class name="testNGfiles.Annotations">
        <test-method is-config="true" signature="VerifyPage()[pri:0, instance:testNGfiles.Annotations@1e66f1f5]" started-at="2017-11-29T12:35:16Z" name="VerifyPage" finished-at="2017-11-29T12:35:16Z" duration-ms="6" status="PASS">
          <reporter-output>
          </reporter-output>
        </test-method> <!-- VerifyPage -->
        <test-method signature="AOpeningBrowser()[pri:0, instance:testNGfiles.Annotations@1e66f1f5]" started-at="2017-11-29T12:35:16Z" name="AOpeningBrowser" finished-at="2017-11-29T12:35:16Z" duration-ms="6" status="PASS">
          <reporter-output>
          </reporter-output>
        </test-method> <!-- AOpeningBrowser -->
        <test-method is-config="true" signature="UserRegistration()[pri:0, instance:testNGfiles.Annotations@1e66f1f5]" started-at="2017-11-29T12:35:16Z" name="UserRegistration" finished-at="2017-11-29T12:35:16Z" duration-ms="0" status="PASS">
          <reporter-output>
          </reporter-output>
        </test-method> <!-- UserRegistration -->
        <test-method is-config="true" signature="UserRegistration()[pri:0, instance:testNGfiles.Annotations@1e66f1f5]" started-at="2017-11-29T12:35:16Z" name="UserRegistration" finished-at="2017-11-29T12:35:16Z" duration-ms="0" status="PASS">
          <reporter-output>
          </reporter-output>
        </test-method> <!-- UserRegistration -->
        <test-method signature="ClickSignIn()[pri:0, instance:testNGfiles.Annotations@1e66f1f5]" started-at="2017-11-29T12:35:16Z" name="ClickSignIn" finished-at="2017-11-29T12:35:16Z" duration-ms="2" status="PASS">
          <reporter-output>
          </reporter-output>
        </test-method> <!-- ClickSignIn -->
      </class> <!-- testNGfiles.Annotations -->
    </test> <!-- Default test -->
  </suite> <!-- Default suite -->
</testng-results>
